<?xml version="1.0" encoding="UTF-8"?>
<!-- Generated by org.testng.reporters.JUnitReportReporter -->
<testsuite skipped="0" hostname="DESKTOP-7GU6RH7" name="com.elf.testscripts.CreateCustomer" tests="1" failures="0" timestamp="28 Jul 2020 11:55:02 GMT" time="0.051" errors="0">
  <testcase name="testCreateCustomer" time="0.051" classname="com.elf.testscripts.CreateCustomer"/>
</testsuite> <!-- com.elf.testscripts.CreateCustomer -->
